<?xml version="1.0" encoding="UTF-8"?>
<!-- Generated by org.testng.reporters.JUnitReportReporter -->
<testsuite hostname="DESKTOP-K99NL5E" failures="0" tests="1" name="com.actitime.testscript.CreateCustomer" time="72.703" errors="0" timestamp="2023-06-07T11:28:42 IST" skipped="0">
  <testcase classname="com.actitime.testscript.CreateCustomer" name="testCreateCustomer" time="72.703"/>
  <system-out>
    <![CDATA[Create Customer]]>
  </system-out>
</testsuite> <!-- com.actitime.testscript.CreateCustomer -->
